20:30:37.436 ERROR org.apache.hadoop.util.Shell 373 getWinUtilsPath - Failed to locate the winutils binary in the hadoop binary path java.io.IOException: Could not locate executable null\bin\winutils.exe in the Hadoop binaries.
	at org.apache.hadoop.util.Shell.getQualifiedBinPath(Shell.java:355) ~[hadoop-common-2.5.1.jar:?]
	at org.apache.hadoop.util.Shell.getWinUtilsPath(Shell.java:370) [hadoop-common-2.5.1.jar:?]
	at org.apache.hadoop.util.Shell.<clinit>(Shell.java:363) [hadoop-common-2.5.1.jar:?]
	at org.apache.hadoop.util.StringUtils.<clinit>(StringUtils.java:78) [hadoop-common-2.5.1.jar:?]
	at org.apache.hadoop.security.Groups.parseStaticMapping(Groups.java:93) [hadoop-common-2.5.1.jar:?]
	at org.apache.hadoop.security.Groups.<init>(Groups.java:77) [hadoop-common-2.5.1.jar:?]
	at org.apache.hadoop.security.Groups.getUserToGroupsMappingService(Groups.java:240) [hadoop-common-2.5.1.jar:?]
	at org.apache.hadoop.security.Groups.getUserToGroupsMappingService(Groups.java:225) [hadoop-common-2.5.1.jar:?]
	at org.apache.hadoop.hbase.security.UserProvider.<clinit>(UserProvider.java:56) [hbase-common-1.3.1.jar:1.3.1]
	at org.apache.hadoop.hbase.client.ConnectionFactory.createConnection(ConnectionFactory.java:214) [hbase-client-1.3.1.jar:1.3.1]
	at org.apache.hadoop.hbase.client.ConnectionFactory.createConnection(ConnectionFactory.java:119) [hbase-client-1.3.1.jar:1.3.1]
	at com.baixin.ees.util.HbaseUtils.initConn(HbaseUtils.java:28) [classes/:?]
	at com.baixin.ees.web.listener.TomcatListener.contextInitialized(TomcatListener.java:20) [classes/:?]
	at org.apache.catalina.core.StandardContext.listenerStart(StandardContext.java:4797) [tomcat-embed-core-7.0.37.jar:7.0.37]
	at org.apache.catalina.core.StandardContext.startInternal(StandardContext.java:5291) [tomcat-embed-core-7.0.37.jar:7.0.37]
	at org.apache.catalina.util.LifecycleBase.start(LifecycleBase.java:150) [tomcat-embed-core-7.0.37.jar:7.0.37]
	at org.apache.catalina.core.ContainerBase$StartChild.call(ContainerBase.java:1559) [tomcat-embed-core-7.0.37.jar:7.0.37]
	at org.apache.catalina.core.ContainerBase$StartChild.call(ContainerBase.java:1549) [tomcat-embed-core-7.0.37.jar:7.0.37]
	at java.util.concurrent.FutureTask.run(FutureTask.java:262) [?:1.7.0_80]
	at java.util.concurrent.ThreadPoolExecutor.runWorker(ThreadPoolExecutor.java:1145) [?:1.7.0_80]
	at java.util.concurrent.ThreadPoolExecutor$Worker.run(ThreadPoolExecutor.java:615) [?:1.7.0_80]
	at java.lang.Thread.run(Thread.java:745) [?:1.7.0_80]

